[7.970s] Invoking command in '/home/hyt/ros_car/src/my_pkg': PYTHONPATH=/home/hyt/ros_car/build/my_pkg/prefix_override:/usr/lib/python3/dist-packages/colcon_core/task/python/colcon_distutils_commands:/home/hyt/ros_car/install/my_pkg/lib/python3.12/site-packages:${PYTHONPATH} /usr/bin/python3 -W ignore:setup.py install is deprecated setup.py egg_info --egg-base ../../build/my_pkg build --build-base /home/hyt/ros_car/build/my_pkg/build install --record /home/hyt/ros_car/build/my_pkg/install.log --single-version-externally-managed install_data
[9.398s] /usr/lib/python3/dist-packages/setuptools/_distutils/dist.py:270: UserWarning: Unknown distribution option: 'tests_require'
[9.399s]   warnings.warn(msg)
[10.798s] running egg_info
[11.038s] writing ../../build/my_pkg/my_pkg.egg-info/PKG-INFO
[11.042s] writing dependency_links to ../../build/my_pkg/my_pkg.egg-info/dependency_links.txt
[11.046s] writing entry points to ../../build/my_pkg/my_pkg.egg-info/entry_points.txt
[11.048s] writing requirements to ../../build/my_pkg/my_pkg.egg-info/requires.txt
[11.049s] writing top-level names to ../../build/my_pkg/my_pkg.egg-info/top_level.txt
[11.503s] reading manifest file '../../build/my_pkg/my_pkg.egg-info/SOURCES.txt'
[11.513s] writing manifest file '../../build/my_pkg/my_pkg.egg-info/SOURCES.txt'
[11.515s] running build
[11.516s] running build_py
[11.519s] copying my_pkg/hello_node.py -> /home/hyt/ros_car/build/my_pkg/build/lib/my_pkg
[11.520s] copying my_pkg/__init__.py -> /home/hyt/ros_car/build/my_pkg/build/lib/my_pkg
[11.522s] running install
[11.575s] running install_lib
[11.795s] running install_data
[11.797s] copying resource/my_pkg -> /home/hyt/ros_car/install/my_pkg/share/ament_index/resource_index/packages
[11.799s] copying package.xml -> /home/hyt/ros_car/install/my_pkg/share/my_pkg
[11.801s] running install_egg_info
[12.071s] removing '/home/hyt/ros_car/install/my_pkg/lib/python3.12/site-packages/my_pkg-0.0.0-py3.12.egg-info' (and everything under it)
[12.074s] Copying ../../build/my_pkg/my_pkg.egg-info to /home/hyt/ros_car/install/my_pkg/lib/python3.12/site-packages/my_pkg-0.0.0-py3.12.egg-info
[12.082s] running install_scripts
[13.480s] Installing hello_node script to /home/hyt/ros_car/install/my_pkg/lib/my_pkg
[13.483s] writing list of installed files to '/home/hyt/ros_car/build/my_pkg/install.log'
[13.806s] Invoked command in '/home/hyt/ros_car/src/my_pkg' returned '0': PYTHONPATH=/home/hyt/ros_car/build/my_pkg/prefix_override:/usr/lib/python3/dist-packages/colcon_core/task/python/colcon_distutils_commands:/home/hyt/ros_car/install/my_pkg/lib/python3.12/site-packages:${PYTHONPATH} /usr/bin/python3 -W ignore:setup.py install is deprecated setup.py egg_info --egg-base ../../build/my_pkg build --build-base /home/hyt/ros_car/build/my_pkg/build install --record /home/hyt/ros_car/build/my_pkg/install.log --single-version-externally-managed install_data
