[8.097s] Invoking command in '/home/hyt/ros_car/src/my_pkg': PYTHONPATH=/home/hyt/ros_car/build/my_pkg/prefix_override:/usr/lib/python3/dist-packages/colcon_core/task/python/colcon_distutils_commands:/home/hyt/ros_car/install/my_pkg/lib/python3.12/site-packages:${PYTHONPATH} /usr/bin/python3 -W ignore:setup.py install is deprecated setup.py egg_info --egg-base ../../build/my_pkg build --build-base /home/hyt/ros_car/build/my_pkg/build install --record /home/hyt/ros_car/build/my_pkg/install.log --single-version-externally-managed install_data
[9.479s] /usr/lib/python3/dist-packages/setuptools/_distutils/dist.py:270: UserWarning: Unknown distribution option: 'tests_require'
[9.480s]   warnings.warn(msg)
[10.890s] running egg_info
[11.130s] writing ../../build/my_pkg/my_pkg.egg-info/PKG-INFO
[11.134s] writing dependency_links to ../../build/my_pkg/my_pkg.egg-info/dependency_links.txt
[11.138s] writing entry points to ../../build/my_pkg/my_pkg.egg-info/entry_points.txt
[11.140s] writing requirements to ../../build/my_pkg/my_pkg.egg-info/requires.txt
[11.141s] writing top-level names to ../../build/my_pkg/my_pkg.egg-info/top_level.txt
[11.677s] reading manifest file '../../build/my_pkg/my_pkg.egg-info/SOURCES.txt'
[11.687s] writing manifest file '../../build/my_pkg/my_pkg.egg-info/SOURCES.txt'
[11.690s] running build
[11.691s] running build_py
[11.693s] copying my_pkg/hello_node.py -> /home/hyt/ros_car/build/my_pkg/build/lib/my_pkg
[11.695s] copying my_pkg/__init__.py -> /home/hyt/ros_car/build/my_pkg/build/lib/my_pkg
[11.697s] running install
[11.752s] running install_lib
[11.963s] copying /home/hyt/ros_car/build/my_pkg/build/lib/my_pkg/hello_node.py -> /home/hyt/ros_car/install/my_pkg/lib/python3.12/site-packages/my_pkg
[11.969s] byte-compiling /home/hyt/ros_car/install/my_pkg/lib/python3.12/site-packages/my_pkg/hello_node.py to hello_node.cpython-312.pyc
[11.971s]   File "/home/hyt/ros_car/install/my_pkg/lib/python3.12/site-packages/my_pkg/hello_node.py", line 4
[11.972s]     class HelloNode(Node):def __init__(self):super().__init__("hello_node")
[11.973s]                           ^^^
[11.974s] SyntaxError: invalid syntax
[11.976s] 
[11.977s] running install_data
[11.978s] copying resource/my_pkg -> /home/hyt/ros_car/install/my_pkg/share/ament_index/resource_index/packages
[11.980s] copying package.xml -> /home/hyt/ros_car/install/my_pkg/share/my_pkg
[11.981s] running install_egg_info
[12.245s] removing '/home/hyt/ros_car/install/my_pkg/lib/python3.12/site-packages/my_pkg-0.0.0-py3.12.egg-info' (and everything under it)
[12.247s] Copying ../../build/my_pkg/my_pkg.egg-info to /home/hyt/ros_car/install/my_pkg/lib/python3.12/site-packages/my_pkg-0.0.0-py3.12.egg-info
[12.255s] running install_scripts
[13.627s] Installing hello_node script to /home/hyt/ros_car/install/my_pkg/lib/my_pkg
[13.631s] writing list of installed files to '/home/hyt/ros_car/build/my_pkg/install.log'
[13.955s] Invoked command in '/home/hyt/ros_car/src/my_pkg' returned '0': PYTHONPATH=/home/hyt/ros_car/build/my_pkg/prefix_override:/usr/lib/python3/dist-packages/colcon_core/task/python/colcon_distutils_commands:/home/hyt/ros_car/install/my_pkg/lib/python3.12/site-packages:${PYTHONPATH} /usr/bin/python3 -W ignore:setup.py install is deprecated setup.py egg_info --egg-base ../../build/my_pkg build --build-base /home/hyt/ros_car/build/my_pkg/build install --record /home/hyt/ros_car/build/my_pkg/install.log --single-version-externally-managed install_data
