[1.082s] DEBUG:colcon:Command line arguments: ['/usr/bin/colcon', 'build']
[1.083s] DEBUG:colcon:Parsed command line arguments: Namespace(log_base=None, log_level=None, verb_name='build', build_base='build', install_base='install', merge_install=False, symlink_install=False, test_result_base=None, continue_on_error=False, executor='parallel', parallel_workers=8, event_handlers=None, ignore_user_meta=False, metas=['./colcon.meta'], base_paths=['.'], packages_ignore=None, packages_ignore_regex=None, paths=None, packages_up_to=None, packages_up_to_regex=None, packages_above=None, packages_above_and_dependencies=None, packages_above_depth=None, packages_select_by_dep=None, packages_skip_by_dep=None, packages_skip_up_to=None, packages_select_build_failed=False, packages_skip_build_finished=False, packages_select_test_failures=False, packages_skip_test_passed=False, packages_select=None, packages_skip=None, packages_select_regex=None, packages_skip_regex=None, packages_start=None, packages_end=None, allow_overriding=[], cmake_args=None, cmake_target=None, cmake_target_skip_unavailable=False, cmake_clean_cache=False, cmake_clean_first=False, cmake_force_configure=False, ament_cmake_args=None, catkin_cmake_args=None, catkin_skip_building_tests=False, mixin_files=None, mixin=None, verb_parser=<colcon_mixin.mixin.mixin_argument.MixinArgumentDecorator object at 0x3f8a16a7e0>, verb_extension=<colcon_core.verb.build.BuildVerb object at 0x3f8a2ad340>, main=<bound method BuildVerb.main of <colcon_core.verb.build.BuildVerb object at 0x3f8a2ad340>>, mixin_verb=('build',))
[1.392s] Level 1:colcon.colcon_core.package_discovery:discover_packages(colcon_meta) check parameters
[1.393s] Level 1:colcon.colcon_core.package_discovery:discover_packages(recursive) check parameters
[1.393s] Level 1:colcon.colcon_core.package_discovery:discover_packages(ignore) check parameters
[1.393s] Level 1:colcon.colcon_core.package_discovery:discover_packages(path) check parameters
[1.394s] Level 1:colcon.colcon_core.package_discovery:discover_packages(colcon_meta) discover
[1.394s] Level 1:colcon.colcon_core.package_discovery:discover_packages(recursive) discover
[1.395s] INFO:colcon.colcon_core.package_discovery:Crawling recursively for packages in '/home/hyt/ros_car'
[1.395s] Level 1:colcon.colcon_core.package_identification:_identify(.) by extensions ['ignore', 'ignore_ament_install']
[1.396s] Level 1:colcon.colcon_core.package_identification:_identify(.) by extension 'ignore'
[1.397s] Level 1:colcon.colcon_core.package_identification:_identify(.) by extension 'ignore_ament_install'
[1.397s] Level 1:colcon.colcon_core.package_identification:_identify(.) by extensions ['colcon_pkg']
[1.398s] Level 1:colcon.colcon_core.package_identification:_identify(.) by extension 'colcon_pkg'
[1.398s] Level 1:colcon.colcon_core.package_identification:_identify(.) by extensions ['colcon_meta']
[1.398s] Level 1:colcon.colcon_core.package_identification:_identify(.) by extension 'colcon_meta'
[1.399s] Level 1:colcon.colcon_core.package_identification:_identify(.) by extensions ['ros']
[1.399s] Level 1:colcon.colcon_core.package_identification:_identify(.) by extension 'ros'
[1.650s] Level 1:colcon.colcon_core.package_identification:_identify(.) by extensions ['cmake', 'python']
[1.650s] Level 1:colcon.colcon_core.package_identification:_identify(.) by extension 'cmake'
[1.651s] Level 1:colcon.colcon_core.package_identification:_identify(.) by extension 'python'
[1.651s] Level 1:colcon.colcon_core.package_identification:_identify(.) by extensions ['python_setup_py']
[1.652s] Level 1:colcon.colcon_core.package_identification:_identify(.) by extension 'python_setup_py'
[1.653s] Level 1:colcon.colcon_core.package_identification:_identify(build) by extensions ['ignore', 'ignore_ament_install']
[1.653s] Level 1:colcon.colcon_core.package_identification:_identify(build) by extension 'ignore'
[1.654s] Level 1:colcon.colcon_core.package_identification:_identify(build) ignored
[1.655s] Level 1:colcon.colcon_core.package_identification:_identify(install) by extensions ['ignore', 'ignore_ament_install']
[1.656s] Level 1:colcon.colcon_core.package_identification:_identify(install) by extension 'ignore'
[1.656s] Level 1:colcon.colcon_core.package_identification:_identify(install) ignored
[1.657s] Level 1:colcon.colcon_core.package_identification:_identify(log) by extensions ['ignore', 'ignore_ament_install']
[1.658s] Level 1:colcon.colcon_core.package_identification:_identify(log) by extension 'ignore'
[1.658s] Level 1:colcon.colcon_core.package_identification:_identify(log) ignored
[1.659s] Level 1:colcon.colcon_core.package_identification:_identify(src) by extensions ['ignore', 'ignore_ament_install']
[1.660s] Level 1:colcon.colcon_core.package_identification:_identify(src) by extension 'ignore'
[1.660s] Level 1:colcon.colcon_core.package_identification:_identify(src) by extension 'ignore_ament_install'
[1.661s] Level 1:colcon.colcon_core.package_identification:_identify(src) by extensions ['colcon_pkg']
[1.661s] Level 1:colcon.colcon_core.package_identification:_identify(src) by extension 'colcon_pkg'
[1.662s] Level 1:colcon.colcon_core.package_identification:_identify(src) by extensions ['colcon_meta']
[1.662s] Level 1:colcon.colcon_core.package_identification:_identify(src) by extension 'colcon_meta'
[1.662s] Level 1:colcon.colcon_core.package_identification:_identify(src) by extensions ['ros']
[1.663s] Level 1:colcon.colcon_core.package_identification:_identify(src) by extension 'ros'
[1.663s] Level 1:colcon.colcon_core.package_identification:_identify(src) by extensions ['cmake', 'python']
[1.664s] Level 1:colcon.colcon_core.package_identification:_identify(src) by extension 'cmake'
[1.664s] Level 1:colcon.colcon_core.package_identification:_identify(src) by extension 'python'
[1.665s] Level 1:colcon.colcon_core.package_identification:_identify(src) by extensions ['python_setup_py']
[1.665s] Level 1:colcon.colcon_core.package_identification:_identify(src) by extension 'python_setup_py'
[1.666s] Level 1:colcon.colcon_core.package_identification:_identify(src/my_pkg) by extensions ['ignore', 'ignore_ament_install']
[1.666s] Level 1:colcon.colcon_core.package_identification:_identify(src/my_pkg) by extension 'ignore'
[1.667s] Level 1:colcon.colcon_core.package_identification:_identify(src/my_pkg) by extension 'ignore_ament_install'
[1.668s] Level 1:colcon.colcon_core.package_identification:_identify(src/my_pkg) by extensions ['colcon_pkg']
[1.668s] Level 1:colcon.colcon_core.package_identification:_identify(src/my_pkg) by extension 'colcon_pkg'
[1.668s] Level 1:colcon.colcon_core.package_identification:_identify(src/my_pkg) by extensions ['colcon_meta']
[1.668s] Level 1:colcon.colcon_core.package_identification:_identify(src/my_pkg) by extension 'colcon_meta'
[1.669s] Level 1:colcon.colcon_core.package_identification:_identify(src/my_pkg) by extensions ['ros']
[1.669s] Level 1:colcon.colcon_core.package_identification:_identify(src/my_pkg) by extension 'ros'
[1.687s] DEBUG:colcon.colcon_core.package_identification:Package 'src/my_pkg' with type 'ros.ament_python' and name 'my_pkg'
[1.687s] Level 1:colcon.colcon_core.package_discovery:discover_packages(recursive) using defaults
[1.688s] Level 1:colcon.colcon_core.package_discovery:discover_packages(ignore) discover
[1.688s] Level 1:colcon.colcon_core.package_discovery:discover_packages(ignore) using defaults
[1.689s] Level 1:colcon.colcon_core.package_discovery:discover_packages(path) discover
[1.689s] Level 1:colcon.colcon_core.package_discovery:discover_packages(path) using defaults
[1.859s] Level 1:colcon.colcon_core.package_discovery:discover_packages(prefix_path) check parameters
[1.860s] Level 1:colcon.colcon_core.package_discovery:discover_packages(prefix_path) discover
[1.876s] DEBUG:colcon.colcon_installed_package_information.package_discovery:Found 1 installed packages in /home/hyt/ros_car/install
[1.889s] DEBUG:colcon.colcon_installed_package_information.package_discovery:Found 271 installed packages in /opt/ros/humble
[1.897s] Level 1:colcon.colcon_core.package_discovery:discover_packages(prefix_path) using defaults
[2.358s] Level 5:colcon.colcon_core.verb:set package 'my_pkg' build argument 'cmake_args' from command line to 'None'
[2.359s] Level 5:colcon.colcon_core.verb:set package 'my_pkg' build argument 'cmake_target' from command line to 'None'
[2.359s] Level 5:colcon.colcon_core.verb:set package 'my_pkg' build argument 'cmake_target_skip_unavailable' from command line to 'False'
[2.359s] Level 5:colcon.colcon_core.verb:set package 'my_pkg' build argument 'cmake_clean_cache' from command line to 'False'
[2.359s] Level 5:colcon.colcon_core.verb:set package 'my_pkg' build argument 'cmake_clean_first' from command line to 'False'
[2.359s] Level 5:colcon.colcon_core.verb:set package 'my_pkg' build argument 'cmake_force_configure' from command line to 'False'
[2.360s] Level 5:colcon.colcon_core.verb:set package 'my_pkg' build argument 'ament_cmake_args' from command line to 'None'
[2.360s] Level 5:colcon.colcon_core.verb:set package 'my_pkg' build argument 'catkin_cmake_args' from command line to 'None'
[2.360s] Level 5:colcon.colcon_core.verb:set package 'my_pkg' build argument 'catkin_skip_building_tests' from command line to 'False'
[2.360s] DEBUG:colcon.colcon_core.verb:Building package 'my_pkg' with the following arguments: {'ament_cmake_args': None, 'build_base': '/home/hyt/ros_car/build/my_pkg', 'catkin_cmake_args': None, 'catkin_skip_building_tests': False, 'cmake_args': None, 'cmake_clean_cache': False, 'cmake_clean_first': False, 'cmake_force_configure': False, 'cmake_target': None, 'cmake_target_skip_unavailable': False, 'install_base': '/home/hyt/ros_car/install/my_pkg', 'merge_install': False, 'path': '/home/hyt/ros_car/src/my_pkg', 'symlink_install': False, 'test_result_base': None}
[2.361s] INFO:colcon.colcon_core.executor:Executing jobs using 'parallel' executor
[2.368s] DEBUG:colcon.colcon_parallel_executor.executor.parallel:run_until_complete
[2.370s] INFO:colcon.colcon_ros.task.ament_python.build:Building ROS package in '/home/hyt/ros_car/src/my_pkg' with build type 'ament_python'
[2.372s] Level 1:colcon.colcon_core.shell:create_environment_hook('my_pkg', 'ament_prefix_path')
[2.388s] INFO:colcon.colcon_core.plugin_system:Skipping extension 'colcon_core.shell.bat': Not used on non-Windows systems
[2.390s] INFO:colcon.colcon_core.shell:Creating environment hook '/home/hyt/ros_car/install/my_pkg/share/my_pkg/hook/ament_prefix_path.ps1'
[2.395s] INFO:colcon.colcon_core.shell:Creating environment descriptor '/home/hyt/ros_car/install/my_pkg/share/my_pkg/hook/ament_prefix_path.dsv'
[2.399s] INFO:colcon.colcon_core.shell:Creating environment hook '/home/hyt/ros_car/install/my_pkg/share/my_pkg/hook/ament_prefix_path.sh'
[2.404s] INFO:colcon.colcon_core.shell:Skip shell extension 'powershell' for command environment: Not usable outside of PowerShell
[2.405s] DEBUG:colcon.colcon_core.shell:Skip shell extension 'dsv' for command environment
[4.642s] INFO:colcon.colcon_core.task.python.build:Building Python package in '/home/hyt/ros_car/src/my_pkg'
[4.644s] INFO:colcon.colcon_core.shell:Skip shell extension 'powershell' for command environment: Not usable outside of PowerShell
[4.645s] DEBUG:colcon.colcon_core.shell:Skip shell extension 'dsv' for command environment
[10.241s] DEBUG:colcon.colcon_core.event_handler.log_command:Invoking command in '/home/hyt/ros_car/src/my_pkg': PYTHONPATH=/home/hyt/ros_car/build/my_pkg/prefix_override:/usr/lib/python3/dist-packages/colcon_core/task/python/colcon_distutils_commands:/home/hyt/ros_car/install/my_pkg/lib/python3.12/site-packages:${PYTHONPATH} /usr/bin/python3 -W ignore:setup.py install is deprecated setup.py egg_info --egg-base ../../build/my_pkg build --build-base /home/hyt/ros_car/build/my_pkg/build install --record /home/hyt/ros_car/build/my_pkg/install.log --single-version-externally-managed install_data
[16.337s] DEBUG:colcon.colcon_core.event_handler.log_command:Invoked command in '/home/hyt/ros_car/src/my_pkg' returned '0': PYTHONPATH=/home/hyt/ros_car/build/my_pkg/prefix_override:/usr/lib/python3/dist-packages/colcon_core/task/python/colcon_distutils_commands:/home/hyt/ros_car/install/my_pkg/lib/python3.12/site-packages:${PYTHONPATH} /usr/bin/python3 -W ignore:setup.py install is deprecated setup.py egg_info --egg-base ../../build/my_pkg build --build-base /home/hyt/ros_car/build/my_pkg/build install --record /home/hyt/ros_car/build/my_pkg/install.log --single-version-externally-managed install_data
[16.361s] Level 1:colcon.colcon_core.environment:checking '/home/hyt/ros_car/install/my_pkg' for CMake module files
[16.368s] Level 1:colcon.colcon_core.environment:checking '/home/hyt/ros_car/install/my_pkg' for CMake config files
[16.375s] Level 1:colcon.colcon_core.environment:checking '/home/hyt/ros_car/install/my_pkg/lib'
[16.377s] Level 1:colcon.colcon_core.environment:checking '/home/hyt/ros_car/install/my_pkg/bin'
[16.379s] Level 1:colcon.colcon_core.environment:checking '/home/hyt/ros_car/install/my_pkg/lib/pkgconfig/my_pkg.pc'
[16.382s] Level 1:colcon.colcon_core.environment:checking '/home/hyt/ros_car/install/my_pkg/lib/python3.12/site-packages'
[16.384s] Level 1:colcon.colcon_core.shell:create_environment_hook('my_pkg', 'pythonpath')
[16.387s] INFO:colcon.colcon_core.shell:Creating environment hook '/home/hyt/ros_car/install/my_pkg/share/my_pkg/hook/pythonpath.ps1'
[16.394s] INFO:colcon.colcon_core.shell:Creating environment descriptor '/home/hyt/ros_car/install/my_pkg/share/my_pkg/hook/pythonpath.dsv'
[16.398s] INFO:colcon.colcon_core.shell:Creating environment hook '/home/hyt/ros_car/install/my_pkg/share/my_pkg/hook/pythonpath.sh'
[16.405s] Level 1:colcon.colcon_core.environment:checking '/home/hyt/ros_car/install/my_pkg/bin'
[16.406s] Level 1:colcon.colcon_core.environment:create_environment_scripts_only(my_pkg)
[16.408s] INFO:colcon.colcon_core.shell:Creating package script '/home/hyt/ros_car/install/my_pkg/share/my_pkg/package.ps1'
[16.415s] INFO:colcon.colcon_core.shell:Creating package descriptor '/home/hyt/ros_car/install/my_pkg/share/my_pkg/package.dsv'
[16.420s] INFO:colcon.colcon_core.shell:Creating package script '/home/hyt/ros_car/install/my_pkg/share/my_pkg/package.sh'
[16.426s] INFO:colcon.colcon_core.shell:Creating package script '/home/hyt/ros_car/install/my_pkg/share/my_pkg/package.bash'
[16.433s] INFO:colcon.colcon_core.shell:Creating package script '/home/hyt/ros_car/install/my_pkg/share/my_pkg/package.zsh'
[16.439s] Level 1:colcon.colcon_core.environment:create_file_with_runtime_dependencies(/home/hyt/ros_car/install/my_pkg/share/colcon-core/packages/my_pkg)
[16.442s] DEBUG:colcon.colcon_parallel_executor.executor.parallel:closing loop
[16.444s] DEBUG:colcon.colcon_parallel_executor.executor.parallel:loop closed
[16.446s] DEBUG:colcon.colcon_parallel_executor.executor.parallel:run_until_complete finished with '0'
[16.447s] DEBUG:colcon.colcon_core.event_reactor:joining thread
[16.491s] INFO:colcon.colcon_core.plugin_system:Skipping extension 'colcon_notification.desktop_notification.notify_send': Could not find 'notify-send'
[16.492s] INFO:colcon.colcon_core.plugin_system:Skipping extension 'colcon_notification.desktop_notification.terminal_notifier': Not used on non-Darwin systems
[16.492s] INFO:colcon.colcon_core.plugin_system:Skipping extension 'colcon_notification.desktop_notification.win32': Not used on non-Windows systems
[16.493s] INFO:colcon.colcon_notification.desktop_notification:Sending desktop notification using 'notify2'
[16.518s] DEBUG:colcon.colcon_core.event_reactor:joined thread
[16.521s] INFO:colcon.colcon_core.shell:Creating prefix script '/home/hyt/ros_car/install/local_setup.ps1'
[16.532s] INFO:colcon.colcon_core.shell:Creating prefix util module '/home/hyt/ros_car/install/_local_setup_util_ps1.py'
[16.549s] INFO:colcon.colcon_core.shell:Creating prefix chain script '/home/hyt/ros_car/install/setup.ps1'
[16.558s] INFO:colcon.colcon_core.shell:Creating prefix script '/home/hyt/ros_car/install/local_setup.sh'
[16.565s] INFO:colcon.colcon_core.shell:Creating prefix util module '/home/hyt/ros_car/install/_local_setup_util_sh.py'
[16.571s] INFO:colcon.colcon_core.shell:Creating prefix chain script '/home/hyt/ros_car/install/setup.sh'
[16.580s] INFO:colcon.colcon_core.shell:Creating prefix script '/home/hyt/ros_car/install/local_setup.bash'
[16.585s] INFO:colcon.colcon_core.shell:Creating prefix chain script '/home/hyt/ros_car/install/setup.bash'
[16.593s] INFO:colcon.colcon_core.shell:Creating prefix script '/home/hyt/ros_car/install/local_setup.zsh'
[16.598s] INFO:colcon.colcon_core.shell:Creating prefix chain script '/home/hyt/ros_car/install/setup.zsh'
