/usr/lib/python3/dist-packages/setuptools/_distutils/dist.py:270: UserWarning: Unknown distribution option: 'tests_require'
  warnings.warn(msg)
running egg_info
writing ../../build/my_pkg/my_pkg.egg-info/PKG-INFO
writing dependency_links to ../../build/my_pkg/my_pkg.egg-info/dependency_links.txt
writing entry points to ../../build/my_pkg/my_pkg.egg-info/entry_points.txt
writing requirements to ../../build/my_pkg/my_pkg.egg-info/requires.txt
writing top-level names to ../../build/my_pkg/my_pkg.egg-info/top_level.txt
reading manifest file '../../build/my_pkg/my_pkg.egg-info/SOURCES.txt'
writing manifest file '../../build/my_pkg/my_pkg.egg-info/SOURCES.txt'
running build
running build_py
copying my_pkg/hello_node.py -> /home/hyt/ros_car/build/my_pkg/build/lib/my_pkg
copying my_pkg/__init__.py -> /home/hyt/ros_car/build/my_pkg/build/lib/my_pkg
copying my_pkg/serial_node.py -> /home/hyt/ros_car/build/my_pkg/build/lib/my_pkg
running install
running install_lib
copying /home/hyt/ros_car/build/my_pkg/build/lib/my_pkg/serial_node.py -> /home/hyt/ros_car/install/my_pkg/lib/python3.12/site-packages/my_pkg
byte-compiling /home/hyt/ros_car/install/my_pkg/lib/python3.12/site-packages/my_pkg/serial_node.py to serial_node.cpython-312.pyc
running install_data
copying resource/my_pkg -> /home/hyt/ros_car/install/my_pkg/share/ament_index/resource_index/packages
copying package.xml -> /home/hyt/ros_car/install/my_pkg/share/my_pkg
running install_egg_info
removing '/home/hyt/ros_car/install/my_pkg/lib/python3.12/site-packages/my_pkg-0.0.0-py3.12.egg-info' (and everything under it)
Copying ../../build/my_pkg/my_pkg.egg-info to /home/hyt/ros_car/install/my_pkg/lib/python3.12/site-packages/my_pkg-0.0.0-py3.12.egg-info
running install_scripts
Installing gui_node script to /home/hyt/ros_car/install/my_pkg/lib/my_pkg
Installing hello_node script to /home/hyt/ros_car/install/my_pkg/lib/my_pkg
Installing serial_node script to /home/hyt/ros_car/install/my_pkg/lib/my_pkg
writing list of installed files to '/home/hyt/ros_car/build/my_pkg/install.log'
