[7.939s] Invoking command in '/home/hyt/ros_car/src/my_pkg': PYTHONPATH=/home/hyt/ros_car/build/my_pkg/prefix_override:/usr/lib/python3/dist-packages/colcon_core/task/python/colcon_distutils_commands:/home/hyt/ros_car/install/my_pkg/lib/python3.12/site-packages:${PYTHONPATH} /usr/bin/python3 -W ignore:setup.py install is deprecated setup.py egg_info --egg-base ../../build/my_pkg build --build-base /home/hyt/ros_car/build/my_pkg/build install --record /home/hyt/ros_car/build/my_pkg/install.log --single-version-externally-managed install_data
[9.401s] /usr/lib/python3/dist-packages/setuptools/_distutils/dist.py:270: UserWarning: Unknown distribution option: 'tests_require'
[9.403s]   warnings.warn(msg)
[10.871s] running egg_info
[11.114s] writing ../../build/my_pkg/my_pkg.egg-info/PKG-INFO
[11.118s] writing dependency_links to ../../build/my_pkg/my_pkg.egg-info/dependency_links.txt
[11.122s] writing entry points to ../../build/my_pkg/my_pkg.egg-info/entry_points.txt
[11.123s] writing requirements to ../../build/my_pkg/my_pkg.egg-info/requires.txt
[11.124s] writing top-level names to ../../build/my_pkg/my_pkg.egg-info/top_level.txt
[11.599s] reading manifest file '../../build/my_pkg/my_pkg.egg-info/SOURCES.txt'
[11.607s] writing manifest file '../../build/my_pkg/my_pkg.egg-info/SOURCES.txt'
[11.609s] running build
[11.610s] running build_py
[11.611s] copying my_pkg/hello_node.py -> /home/hyt/ros_car/build/my_pkg/build/lib/my_pkg
[11.612s] copying my_pkg/__init__.py -> /home/hyt/ros_car/build/my_pkg/build/lib/my_pkg
[11.615s] running install
[11.675s] running install_lib
[11.908s] copying /home/hyt/ros_car/build/my_pkg/build/lib/my_pkg/hello_node.py -> /home/hyt/ros_car/install/my_pkg/lib/python3.12/site-packages/my_pkg
[11.913s] byte-compiling /home/hyt/ros_car/install/my_pkg/lib/python3.12/site-packages/my_pkg/hello_node.py to hello_node.cpython-312.pyc
[11.914s]   File "/home/hyt/ros_car/install/my_pkg/lib/python3.12/site-packages/my_pkg/hello_node.py", line 4
[11.915s]     class HelloNode(Node):def __init__(self):super().__init__("hello_node")
[11.916s]                           ^^^
[11.917s] SyntaxError: invalid syntax
[11.918s] 
[11.919s] running install_data
[11.920s] copying resource/my_pkg -> /home/hyt/ros_car/install/my_pkg/share/ament_index/resource_index/packages
[11.921s] copying package.xml -> /home/hyt/ros_car/install/my_pkg/share/my_pkg
[11.922s] running install_egg_info
[12.266s] removing '/home/hyt/ros_car/install/my_pkg/lib/python3.12/site-packages/my_pkg-0.0.0-py3.12.egg-info' (and everything under it)
[12.269s] Copying ../../build/my_pkg/my_pkg.egg-info to /home/hyt/ros_car/install/my_pkg/lib/python3.12/site-packages/my_pkg-0.0.0-py3.12.egg-info
[12.279s] running install_scripts
[13.691s] Installing hello_node script to /home/hyt/ros_car/install/my_pkg/lib/my_pkg
[13.694s] writing list of installed files to '/home/hyt/ros_car/build/my_pkg/install.log'
[14.036s] Invoked command in '/home/hyt/ros_car/src/my_pkg' returned '0': PYTHONPATH=/home/hyt/ros_car/build/my_pkg/prefix_override:/usr/lib/python3/dist-packages/colcon_core/task/python/colcon_distutils_commands:/home/hyt/ros_car/install/my_pkg/lib/python3.12/site-packages:${PYTHONPATH} /usr/bin/python3 -W ignore:setup.py install is deprecated setup.py egg_info --egg-base ../../build/my_pkg build --build-base /home/hyt/ros_car/build/my_pkg/build install --record /home/hyt/ros_car/build/my_pkg/install.log --single-version-externally-managed install_data
