[1.017s] DEBUG:colcon:Command line arguments: ['/usr/bin/colcon', 'build']
[1.018s] DEBUG:colcon:Parsed command line arguments: Namespace(log_base=None, log_level=None, verb_name='build', build_base='build', install_base='install', merge_install=False, symlink_install=False, test_result_base=None, continue_on_error=False, executor='parallel', parallel_workers=8, event_handlers=None, ignore_user_meta=False, metas=['./colcon.meta'], base_paths=['.'], packages_ignore=None, packages_ignore_regex=None, paths=None, packages_up_to=None, packages_up_to_regex=None, packages_above=None, packages_above_and_dependencies=None, packages_above_depth=None, packages_select_by_dep=None, packages_skip_by_dep=None, packages_skip_up_to=None, packages_select_build_failed=False, packages_skip_build_finished=False, packages_select_test_failures=False, packages_skip_test_passed=False, packages_select=None, packages_skip=None, packages_select_regex=None, packages_skip_regex=None, packages_start=None, packages_end=None, allow_overriding=[], cmake_args=None, cmake_target=None, cmake_target_skip_unavailable=False, cmake_clean_cache=False, cmake_clean_first=False, cmake_force_configure=False, ament_cmake_args=None, catkin_cmake_args=None, catkin_skip_building_tests=False, mixin_files=None, mixin=None, verb_parser=<colcon_mixin.mixin.mixin_argument.MixinArgumentDecorator object at 0x3f9f78a510>, verb_extension=<colcon_core.verb.build.BuildVerb object at 0x3f9fc71280>, main=<bound method BuildVerb.main of <colcon_core.verb.build.BuildVerb object at 0x3f9fc71280>>, mixin_verb=('build',))
[1.330s] Level 1:colcon.colcon_core.package_discovery:discover_packages(colcon_meta) check parameters
[1.331s] Level 1:colcon.colcon_core.package_discovery:discover_packages(recursive) check parameters
[1.331s] Level 1:colcon.colcon_core.package_discovery:discover_packages(ignore) check parameters
[1.331s] Level 1:colcon.colcon_core.package_discovery:discover_packages(path) check parameters
[1.332s] Level 1:colcon.colcon_core.package_discovery:discover_packages(colcon_meta) discover
[1.332s] Level 1:colcon.colcon_core.package_discovery:discover_packages(recursive) discover
[1.333s] INFO:colcon.colcon_core.package_discovery:Crawling recursively for packages in '/home/hyt/ros_car'
[1.333s] Level 1:colcon.colcon_core.package_identification:_identify(.) by extensions ['ignore', 'ignore_ament_install']
[1.334s] Level 1:colcon.colcon_core.package_identification:_identify(.) by extension 'ignore'
[1.335s] Level 1:colcon.colcon_core.package_identification:_identify(.) by extension 'ignore_ament_install'
[1.336s] Level 1:colcon.colcon_core.package_identification:_identify(.) by extensions ['colcon_pkg']
[1.336s] Level 1:colcon.colcon_core.package_identification:_identify(.) by extension 'colcon_pkg'
[1.337s] Level 1:colcon.colcon_core.package_identification:_identify(.) by extensions ['colcon_meta']
[1.337s] Level 1:colcon.colcon_core.package_identification:_identify(.) by extension 'colcon_meta'
[1.337s] Level 1:colcon.colcon_core.package_identification:_identify(.) by extensions ['ros']
[1.337s] Level 1:colcon.colcon_core.package_identification:_identify(.) by extension 'ros'
[1.572s] Level 1:colcon.colcon_core.package_identification:_identify(.) by extensions ['cmake', 'python']
[1.573s] Level 1:colcon.colcon_core.package_identification:_identify(.) by extension 'cmake'
[1.573s] Level 1:colcon.colcon_core.package_identification:_identify(.) by extension 'python'
[1.574s] Level 1:colcon.colcon_core.package_identification:_identify(.) by extensions ['python_setup_py']
[1.574s] Level 1:colcon.colcon_core.package_identification:_identify(.) by extension 'python_setup_py'
[1.575s] Level 1:colcon.colcon_core.package_identification:_identify(build) by extensions ['ignore', 'ignore_ament_install']
[1.576s] Level 1:colcon.colcon_core.package_identification:_identify(build) by extension 'ignore'
[1.577s] Level 1:colcon.colcon_core.package_identification:_identify(build) ignored
[1.578s] Level 1:colcon.colcon_core.package_identification:_identify(install) by extensions ['ignore', 'ignore_ament_install']
[1.579s] Level 1:colcon.colcon_core.package_identification:_identify(install) by extension 'ignore'
[1.579s] Level 1:colcon.colcon_core.package_identification:_identify(install) ignored
[1.580s] Level 1:colcon.colcon_core.package_identification:_identify(log) by extensions ['ignore', 'ignore_ament_install']
[1.581s] Level 1:colcon.colcon_core.package_identification:_identify(log) by extension 'ignore'
[1.581s] Level 1:colcon.colcon_core.package_identification:_identify(log) ignored
[1.582s] Level 1:colcon.colcon_core.package_identification:_identify(src) by extensions ['ignore', 'ignore_ament_install']
[1.583s] Level 1:colcon.colcon_core.package_identification:_identify(src) by extension 'ignore'
[1.583s] Level 1:colcon.colcon_core.package_identification:_identify(src) by extension 'ignore_ament_install'
[1.584s] Level 1:colcon.colcon_core.package_identification:_identify(src) by extensions ['colcon_pkg']
[1.584s] Level 1:colcon.colcon_core.package_identification:_identify(src) by extension 'colcon_pkg'
[1.585s] Level 1:colcon.colcon_core.package_identification:_identify(src) by extensions ['colcon_meta']
[1.585s] Level 1:colcon.colcon_core.package_identification:_identify(src) by extension 'colcon_meta'
[1.586s] Level 1:colcon.colcon_core.package_identification:_identify(src) by extensions ['ros']
[1.586s] Level 1:colcon.colcon_core.package_identification:_identify(src) by extension 'ros'
[1.587s] Level 1:colcon.colcon_core.package_identification:_identify(src) by extensions ['cmake', 'python']
[1.587s] Level 1:colcon.colcon_core.package_identification:_identify(src) by extension 'cmake'
[1.587s] Level 1:colcon.colcon_core.package_identification:_identify(src) by extension 'python'
[1.588s] Level 1:colcon.colcon_core.package_identification:_identify(src) by extensions ['python_setup_py']
[1.588s] Level 1:colcon.colcon_core.package_identification:_identify(src) by extension 'python_setup_py'
[1.589s] Level 1:colcon.colcon_core.package_identification:_identify(src/my_pkg) by extensions ['ignore', 'ignore_ament_install']
[1.590s] Level 1:colcon.colcon_core.package_identification:_identify(src/my_pkg) by extension 'ignore'
[1.590s] Level 1:colcon.colcon_core.package_identification:_identify(src/my_pkg) by extension 'ignore_ament_install'
[1.591s] Level 1:colcon.colcon_core.package_identification:_identify(src/my_pkg) by extensions ['colcon_pkg']
[1.591s] Level 1:colcon.colcon_core.package_identification:_identify(src/my_pkg) by extension 'colcon_pkg'
[1.592s] Level 1:colcon.colcon_core.package_identification:_identify(src/my_pkg) by extensions ['colcon_meta']
[1.592s] Level 1:colcon.colcon_core.package_identification:_identify(src/my_pkg) by extension 'colcon_meta'
[1.593s] Level 1:colcon.colcon_core.package_identification:_identify(src/my_pkg) by extensions ['ros']
[1.593s] Level 1:colcon.colcon_core.package_identification:_identify(src/my_pkg) by extension 'ros'
[1.611s] DEBUG:colcon.colcon_core.package_identification:Package 'src/my_pkg' with type 'ros.ament_python' and name 'my_pkg'
[1.611s] Level 1:colcon.colcon_core.package_discovery:discover_packages(recursive) using defaults
[1.612s] Level 1:colcon.colcon_core.package_discovery:discover_packages(ignore) discover
[1.612s] Level 1:colcon.colcon_core.package_discovery:discover_packages(ignore) using defaults
[1.612s] Level 1:colcon.colcon_core.package_discovery:discover_packages(path) discover
[1.613s] Level 1:colcon.colcon_core.package_discovery:discover_packages(path) using defaults
[1.756s] Level 1:colcon.colcon_core.package_discovery:discover_packages(prefix_path) check parameters
[1.757s] Level 1:colcon.colcon_core.package_discovery:discover_packages(prefix_path) discover
[1.773s] DEBUG:colcon.colcon_installed_package_information.package_discovery:Found 1 installed packages in /home/hyt/ros_car/install
[1.786s] DEBUG:colcon.colcon_installed_package_information.package_discovery:Found 271 installed packages in /opt/ros/humble
[1.794s] Level 1:colcon.colcon_core.package_discovery:discover_packages(prefix_path) using defaults
[2.274s] Level 5:colcon.colcon_core.verb:set package 'my_pkg' build argument 'cmake_args' from command line to 'None'
[2.275s] Level 5:colcon.colcon_core.verb:set package 'my_pkg' build argument 'cmake_target' from command line to 'None'
[2.276s] Level 5:colcon.colcon_core.verb:set package 'my_pkg' build argument 'cmake_target_skip_unavailable' from command line to 'False'
[2.276s] Level 5:colcon.colcon_core.verb:set package 'my_pkg' build argument 'cmake_clean_cache' from command line to 'False'
[2.277s] Level 5:colcon.colcon_core.verb:set package 'my_pkg' build argument 'cmake_clean_first' from command line to 'False'
[2.277s] Level 5:colcon.colcon_core.verb:set package 'my_pkg' build argument 'cmake_force_configure' from command line to 'False'
[2.278s] Level 5:colcon.colcon_core.verb:set package 'my_pkg' build argument 'ament_cmake_args' from command line to 'None'
[2.278s] Level 5:colcon.colcon_core.verb:set package 'my_pkg' build argument 'catkin_cmake_args' from command line to 'None'
[2.278s] Level 5:colcon.colcon_core.verb:set package 'my_pkg' build argument 'catkin_skip_building_tests' from command line to 'False'
[2.279s] DEBUG:colcon.colcon_core.verb:Building package 'my_pkg' with the following arguments: {'ament_cmake_args': None, 'build_base': '/home/hyt/ros_car/build/my_pkg', 'catkin_cmake_args': None, 'catkin_skip_building_tests': False, 'cmake_args': None, 'cmake_clean_cache': False, 'cmake_clean_first': False, 'cmake_force_configure': False, 'cmake_target': None, 'cmake_target_skip_unavailable': False, 'install_base': '/home/hyt/ros_car/install/my_pkg', 'merge_install': False, 'path': '/home/hyt/ros_car/src/my_pkg', 'symlink_install': False, 'test_result_base': None}
[2.280s] INFO:colcon.colcon_core.executor:Executing jobs using 'parallel' executor
[2.287s] DEBUG:colcon.colcon_parallel_executor.executor.parallel:run_until_complete
[2.289s] INFO:colcon.colcon_ros.task.ament_python.build:Building ROS package in '/home/hyt/ros_car/src/my_pkg' with build type 'ament_python'
[2.291s] Level 1:colcon.colcon_core.shell:create_environment_hook('my_pkg', 'ament_prefix_path')
[2.307s] INFO:colcon.colcon_core.plugin_system:Skipping extension 'colcon_core.shell.bat': Not used on non-Windows systems
[2.310s] INFO:colcon.colcon_core.shell:Creating environment hook '/home/hyt/ros_car/install/my_pkg/share/my_pkg/hook/ament_prefix_path.ps1'
[2.315s] INFO:colcon.colcon_core.shell:Creating environment descriptor '/home/hyt/ros_car/install/my_pkg/share/my_pkg/hook/ament_prefix_path.dsv'
[2.319s] INFO:colcon.colcon_core.shell:Creating environment hook '/home/hyt/ros_car/install/my_pkg/share/my_pkg/hook/ament_prefix_path.sh'
[2.324s] INFO:colcon.colcon_core.shell:Skip shell extension 'powershell' for command environment: Not usable outside of PowerShell
[2.325s] DEBUG:colcon.colcon_core.shell:Skip shell extension 'dsv' for command environment
[4.555s] INFO:colcon.colcon_core.task.python.build:Building Python package in '/home/hyt/ros_car/src/my_pkg'
[4.557s] INFO:colcon.colcon_core.shell:Skip shell extension 'powershell' for command environment: Not usable outside of PowerShell
[4.558s] DEBUG:colcon.colcon_core.shell:Skip shell extension 'dsv' for command environment
[10.389s] DEBUG:colcon.colcon_core.event_handler.log_command:Invoking command in '/home/hyt/ros_car/src/my_pkg': PYTHONPATH=/home/hyt/ros_car/build/my_pkg/prefix_override:/usr/lib/python3/dist-packages/colcon_core/task/python/colcon_distutils_commands:/home/hyt/ros_car/install/my_pkg/lib/python3.12/site-packages:${PYTHONPATH} /usr/bin/python3 -W ignore:setup.py install is deprecated setup.py egg_info --egg-base ../../build/my_pkg build --build-base /home/hyt/ros_car/build/my_pkg/build install --record /home/hyt/ros_car/build/my_pkg/install.log --single-version-externally-managed install_data
[16.247s] DEBUG:colcon.colcon_core.event_handler.log_command:Invoked command in '/home/hyt/ros_car/src/my_pkg' returned '0': PYTHONPATH=/home/hyt/ros_car/build/my_pkg/prefix_override:/usr/lib/python3/dist-packages/colcon_core/task/python/colcon_distutils_commands:/home/hyt/ros_car/install/my_pkg/lib/python3.12/site-packages:${PYTHONPATH} /usr/bin/python3 -W ignore:setup.py install is deprecated setup.py egg_info --egg-base ../../build/my_pkg build --build-base /home/hyt/ros_car/build/my_pkg/build install --record /home/hyt/ros_car/build/my_pkg/install.log --single-version-externally-managed install_data
[16.267s] Level 1:colcon.colcon_core.environment:checking '/home/hyt/ros_car/install/my_pkg' for CMake module files
[16.274s] Level 1:colcon.colcon_core.environment:checking '/home/hyt/ros_car/install/my_pkg' for CMake config files
[16.279s] Level 1:colcon.colcon_core.environment:checking '/home/hyt/ros_car/install/my_pkg/lib'
[16.281s] Level 1:colcon.colcon_core.environment:checking '/home/hyt/ros_car/install/my_pkg/bin'
[16.282s] Level 1:colcon.colcon_core.environment:checking '/home/hyt/ros_car/install/my_pkg/lib/pkgconfig/my_pkg.pc'
[16.284s] Level 1:colcon.colcon_core.environment:checking '/home/hyt/ros_car/install/my_pkg/lib/python3.12/site-packages'
[16.285s] Level 1:colcon.colcon_core.shell:create_environment_hook('my_pkg', 'pythonpath')
[16.287s] INFO:colcon.colcon_core.shell:Creating environment hook '/home/hyt/ros_car/install/my_pkg/share/my_pkg/hook/pythonpath.ps1'
[16.291s] INFO:colcon.colcon_core.shell:Creating environment descriptor '/home/hyt/ros_car/install/my_pkg/share/my_pkg/hook/pythonpath.dsv'
[16.295s] INFO:colcon.colcon_core.shell:Creating environment hook '/home/hyt/ros_car/install/my_pkg/share/my_pkg/hook/pythonpath.sh'
[16.301s] Level 1:colcon.colcon_core.environment:checking '/home/hyt/ros_car/install/my_pkg/bin'
[16.302s] Level 1:colcon.colcon_core.environment:create_environment_scripts_only(my_pkg)
[16.304s] INFO:colcon.colcon_core.shell:Creating package script '/home/hyt/ros_car/install/my_pkg/share/my_pkg/package.ps1'
[16.311s] INFO:colcon.colcon_core.shell:Creating package descriptor '/home/hyt/ros_car/install/my_pkg/share/my_pkg/package.dsv'
[16.317s] INFO:colcon.colcon_core.shell:Creating package script '/home/hyt/ros_car/install/my_pkg/share/my_pkg/package.sh'
[16.323s] INFO:colcon.colcon_core.shell:Creating package script '/home/hyt/ros_car/install/my_pkg/share/my_pkg/package.bash'
[16.332s] INFO:colcon.colcon_core.shell:Creating package script '/home/hyt/ros_car/install/my_pkg/share/my_pkg/package.zsh'
[16.338s] Level 1:colcon.colcon_core.environment:create_file_with_runtime_dependencies(/home/hyt/ros_car/install/my_pkg/share/colcon-core/packages/my_pkg)
[16.341s] DEBUG:colcon.colcon_parallel_executor.executor.parallel:closing loop
[16.344s] DEBUG:colcon.colcon_parallel_executor.executor.parallel:loop closed
[16.345s] DEBUG:colcon.colcon_parallel_executor.executor.parallel:run_until_complete finished with '0'
[16.347s] DEBUG:colcon.colcon_core.event_reactor:joining thread
[16.394s] INFO:colcon.colcon_core.plugin_system:Skipping extension 'colcon_notification.desktop_notification.notify_send': Could not find 'notify-send'
[16.395s] INFO:colcon.colcon_core.plugin_system:Skipping extension 'colcon_notification.desktop_notification.terminal_notifier': Not used on non-Darwin systems
[16.396s] INFO:colcon.colcon_core.plugin_system:Skipping extension 'colcon_notification.desktop_notification.win32': Not used on non-Windows systems
[16.397s] INFO:colcon.colcon_notification.desktop_notification:Sending desktop notification using 'notify2'
[16.421s] DEBUG:colcon.colcon_core.event_reactor:joined thread
[16.425s] INFO:colcon.colcon_core.shell:Creating prefix script '/home/hyt/ros_car/install/local_setup.ps1'
[16.438s] INFO:colcon.colcon_core.shell:Creating prefix util module '/home/hyt/ros_car/install/_local_setup_util_ps1.py'
[16.453s] INFO:colcon.colcon_core.shell:Creating prefix chain script '/home/hyt/ros_car/install/setup.ps1'
[16.462s] INFO:colcon.colcon_core.shell:Creating prefix script '/home/hyt/ros_car/install/local_setup.sh'
[16.468s] INFO:colcon.colcon_core.shell:Creating prefix util module '/home/hyt/ros_car/install/_local_setup_util_sh.py'
[16.475s] INFO:colcon.colcon_core.shell:Creating prefix chain script '/home/hyt/ros_car/install/setup.sh'
[16.485s] INFO:colcon.colcon_core.shell:Creating prefix script '/home/hyt/ros_car/install/local_setup.bash'
[16.490s] INFO:colcon.colcon_core.shell:Creating prefix chain script '/home/hyt/ros_car/install/setup.bash'
[16.499s] INFO:colcon.colcon_core.shell:Creating prefix script '/home/hyt/ros_car/install/local_setup.zsh'
[16.504s] INFO:colcon.colcon_core.shell:Creating prefix chain script '/home/hyt/ros_car/install/setup.zsh'
