[7.913s] Invoking command in '/home/hyt/ros_car/src/my_pkg': PYTHONPATH=/home/hyt/ros_car/build/my_pkg/prefix_override:/usr/lib/python3/dist-packages/colcon_core/task/python/colcon_distutils_commands:/home/hyt/ros_car/install/my_pkg/lib/python3.12/site-packages:${PYTHONPATH} /usr/bin/python3 -W ignore:setup.py install is deprecated setup.py egg_info --egg-base ../../build/my_pkg build --build-base /home/hyt/ros_car/build/my_pkg/build install --record /home/hyt/ros_car/build/my_pkg/install.log --single-version-externally-managed install_data
[9.339s] /usr/lib/python3/dist-packages/setuptools/_distutils/dist.py:270: UserWarning: Unknown distribution option: 'tests_require'
[9.340s]   warnings.warn(msg)
[10.866s] running egg_info
[11.099s] writing ../../build/my_pkg/my_pkg.egg-info/PKG-INFO
[11.103s] writing dependency_links to ../../build/my_pkg/my_pkg.egg-info/dependency_links.txt
[11.107s] writing entry points to ../../build/my_pkg/my_pkg.egg-info/entry_points.txt
[11.109s] writing requirements to ../../build/my_pkg/my_pkg.egg-info/requires.txt
[11.110s] writing top-level names to ../../build/my_pkg/my_pkg.egg-info/top_level.txt
[11.567s] reading manifest file '../../build/my_pkg/my_pkg.egg-info/SOURCES.txt'
[11.577s] writing manifest file '../../build/my_pkg/my_pkg.egg-info/SOURCES.txt'
[11.579s] running build
[11.580s] running build_py
[11.581s] copying my_pkg/hello_node.py -> /home/hyt/ros_car/build/my_pkg/build/lib/my_pkg
[11.583s] copying my_pkg/__init__.py -> /home/hyt/ros_car/build/my_pkg/build/lib/my_pkg
[11.584s] copying my_pkg/serial_node.py -> /home/hyt/ros_car/build/my_pkg/build/lib/my_pkg
[11.587s] running install
[11.638s] running install_lib
[11.865s] copying /home/hyt/ros_car/build/my_pkg/build/lib/my_pkg/serial_node.py -> /home/hyt/ros_car/install/my_pkg/lib/python3.12/site-packages/my_pkg
[11.871s] byte-compiling /home/hyt/ros_car/install/my_pkg/lib/python3.12/site-packages/my_pkg/serial_node.py to serial_node.cpython-312.pyc
[11.880s] running install_data
[11.883s] copying resource/my_pkg -> /home/hyt/ros_car/install/my_pkg/share/ament_index/resource_index/packages
[11.886s] copying package.xml -> /home/hyt/ros_car/install/my_pkg/share/my_pkg
[11.888s] running install_egg_info
[12.137s] removing '/home/hyt/ros_car/install/my_pkg/lib/python3.12/site-packages/my_pkg-0.0.0-py3.12.egg-info' (and everything under it)
[12.142s] Copying ../../build/my_pkg/my_pkg.egg-info to /home/hyt/ros_car/install/my_pkg/lib/python3.12/site-packages/my_pkg-0.0.0-py3.12.egg-info
[12.147s] running install_scripts
[13.704s] Installing gui_node script to /home/hyt/ros_car/install/my_pkg/lib/my_pkg
[13.707s] Installing hello_node script to /home/hyt/ros_car/install/my_pkg/lib/my_pkg
[13.711s] Installing serial_node script to /home/hyt/ros_car/install/my_pkg/lib/my_pkg
[13.714s] writing list of installed files to '/home/hyt/ros_car/build/my_pkg/install.log'
[14.043s] Invoked command in '/home/hyt/ros_car/src/my_pkg' returned '0': PYTHONPATH=/home/hyt/ros_car/build/my_pkg/prefix_override:/usr/lib/python3/dist-packages/colcon_core/task/python/colcon_distutils_commands:/home/hyt/ros_car/install/my_pkg/lib/python3.12/site-packages:${PYTHONPATH} /usr/bin/python3 -W ignore:setup.py install is deprecated setup.py egg_info --egg-base ../../build/my_pkg build --build-base /home/hyt/ros_car/build/my_pkg/build install --record /home/hyt/ros_car/build/my_pkg/install.log --single-version-externally-managed install_data
