[7.865s] Invoking command in '/home/hyt/ros_car/src/my_pkg': PYTHONPATH=/home/hyt/ros_car/build/my_pkg/prefix_override:/usr/lib/python3/dist-packages/colcon_core/task/python/colcon_distutils_commands:/home/hyt/ros_car/install/my_pkg/lib/python3.12/site-packages:${PYTHONPATH} /usr/bin/python3 -W ignore:setup.py install is deprecated setup.py egg_info --egg-base ../../build/my_pkg build --build-base /home/hyt/ros_car/build/my_pkg/build install --record /home/hyt/ros_car/build/my_pkg/install.log --single-version-externally-managed install_data
[9.285s] /usr/lib/python3/dist-packages/setuptools/_distutils/dist.py:270: UserWarning: Unknown distribution option: 'tests_require'
[9.288s]   warnings.warn(msg)
[10.792s] running egg_info
[11.039s] writing ../../build/my_pkg/my_pkg.egg-info/PKG-INFO
[11.044s] writing dependency_links to ../../build/my_pkg/my_pkg.egg-info/dependency_links.txt
[11.046s] writing entry points to ../../build/my_pkg/my_pkg.egg-info/entry_points.txt
[11.051s] writing requirements to ../../build/my_pkg/my_pkg.egg-info/requires.txt
[11.052s] writing top-level names to ../../build/my_pkg/my_pkg.egg-info/top_level.txt
[11.543s] reading manifest file '../../build/my_pkg/my_pkg.egg-info/SOURCES.txt'
[11.555s] writing manifest file '../../build/my_pkg/my_pkg.egg-info/SOURCES.txt'
[11.557s] running build
[11.563s] running build_py
[11.564s] copying my_pkg/hello_node.py -> /home/hyt/ros_car/build/my_pkg/build/lib/my_pkg
[11.567s] copying my_pkg/__init__.py -> /home/hyt/ros_car/build/my_pkg/build/lib/my_pkg
[11.568s] copying my_pkg/serial_node.py -> /home/hyt/ros_car/build/my_pkg/build/lib/my_pkg
[11.568s] running install
[11.631s] running install_lib
[11.995s] copying /home/hyt/ros_car/build/my_pkg/build/lib/my_pkg/serial_node.py -> /home/hyt/ros_car/install/my_pkg/lib/python3.12/site-packages/my_pkg
[11.999s] byte-compiling /home/hyt/ros_car/install/my_pkg/lib/python3.12/site-packages/my_pkg/serial_node.py to serial_node.cpython-312.pyc
[12.011s] running install_data
[12.016s] copying resource/my_pkg -> /home/hyt/ros_car/install/my_pkg/share/ament_index/resource_index/packages
[12.018s] copying package.xml -> /home/hyt/ros_car/install/my_pkg/share/my_pkg
[12.019s] running install_egg_info
[12.245s] removing '/home/hyt/ros_car/install/my_pkg/lib/python3.12/site-packages/my_pkg-0.0.0-py3.12.egg-info' (and everything under it)
[12.251s] Copying ../../build/my_pkg/my_pkg.egg-info to /home/hyt/ros_car/install/my_pkg/lib/python3.12/site-packages/my_pkg-0.0.0-py3.12.egg-info
[12.255s] running install_scripts
[13.623s] Installing gui_node script to /home/hyt/ros_car/install/my_pkg/lib/my_pkg
[13.624s] Installing hello_node script to /home/hyt/ros_car/install/my_pkg/lib/my_pkg
[13.629s] Installing serial_node script to /home/hyt/ros_car/install/my_pkg/lib/my_pkg
[13.632s] writing list of installed files to '/home/hyt/ros_car/build/my_pkg/install.log'
[13.964s] Invoked command in '/home/hyt/ros_car/src/my_pkg' returned '0': PYTHONPATH=/home/hyt/ros_car/build/my_pkg/prefix_override:/usr/lib/python3/dist-packages/colcon_core/task/python/colcon_distutils_commands:/home/hyt/ros_car/install/my_pkg/lib/python3.12/site-packages:${PYTHONPATH} /usr/bin/python3 -W ignore:setup.py install is deprecated setup.py egg_info --egg-base ../../build/my_pkg build --build-base /home/hyt/ros_car/build/my_pkg/build install --record /home/hyt/ros_car/build/my_pkg/install.log --single-version-externally-managed install_data
