[7.775s] Invoking command in '/home/hyt/ros_car/src/my_pkg': PYTHONPATH=/home/hyt/ros_car/build/my_pkg/prefix_override:/usr/lib/python3/dist-packages/colcon_core/task/python/colcon_distutils_commands:/home/hyt/ros_car/install/my_pkg/lib/python3.12/site-packages:${PYTHONPATH} /usr/bin/python3 -W ignore:setup.py install is deprecated setup.py egg_info --egg-base ../../build/my_pkg build --build-base /home/hyt/ros_car/build/my_pkg/build install --record /home/hyt/ros_car/build/my_pkg/install.log --single-version-externally-managed install_data
[9.204s] /usr/lib/python3/dist-packages/setuptools/_distutils/dist.py:270: UserWarning: Unknown distribution option: 'tests_require'
[9.206s]   warnings.warn(msg)
[10.672s] running egg_info
[10.895s] writing ../../build/my_pkg/my_pkg.egg-info/PKG-INFO
[10.898s] writing dependency_links to ../../build/my_pkg/my_pkg.egg-info/dependency_links.txt
[10.902s] writing entry points to ../../build/my_pkg/my_pkg.egg-info/entry_points.txt
[10.904s] writing requirements to ../../build/my_pkg/my_pkg.egg-info/requires.txt
[10.906s] writing top-level names to ../../build/my_pkg/my_pkg.egg-info/top_level.txt
[11.361s] reading manifest file '../../build/my_pkg/my_pkg.egg-info/SOURCES.txt'
[11.371s] writing manifest file '../../build/my_pkg/my_pkg.egg-info/SOURCES.txt'
[11.373s] running build
[11.375s] running build_py
[11.377s] copying my_pkg/GUI_node.py -> /home/hyt/ros_car/build/my_pkg/build/lib/my_pkg
[11.379s] copying my_pkg/hello_node.py -> /home/hyt/ros_car/build/my_pkg/build/lib/my_pkg
[11.380s] copying my_pkg/__init__.py -> /home/hyt/ros_car/build/my_pkg/build/lib/my_pkg
[11.382s] copying my_pkg/camera_node.py -> /home/hyt/ros_car/build/my_pkg/build/lib/my_pkg
[11.385s] running install
[11.435s] running install_lib
[11.694s] copying /home/hyt/ros_car/build/my_pkg/build/lib/my_pkg/GUI_node.py -> /home/hyt/ros_car/install/my_pkg/lib/python3.12/site-packages/my_pkg
[11.696s] copying /home/hyt/ros_car/build/my_pkg/build/lib/my_pkg/camera_node.py -> /home/hyt/ros_car/install/my_pkg/lib/python3.12/site-packages/my_pkg
[11.701s] byte-compiling /home/hyt/ros_car/install/my_pkg/lib/python3.12/site-packages/my_pkg/GUI_node.py to GUI_node.cpython-312.pyc
[11.710s] byte-compiling /home/hyt/ros_car/install/my_pkg/lib/python3.12/site-packages/my_pkg/camera_node.py to camera_node.cpython-312.pyc
[11.711s] running install_data
[11.714s] copying resource/my_pkg -> /home/hyt/ros_car/install/my_pkg/share/ament_index/resource_index/packages
[11.716s] copying package.xml -> /home/hyt/ros_car/install/my_pkg/share/my_pkg
[11.718s] running install_egg_info
[11.954s] removing '/home/hyt/ros_car/install/my_pkg/lib/python3.12/site-packages/my_pkg-0.0.0-py3.12.egg-info' (and everything under it)
[11.956s] Copying ../../build/my_pkg/my_pkg.egg-info to /home/hyt/ros_car/install/my_pkg/lib/python3.12/site-packages/my_pkg-0.0.0-py3.12.egg-info
[11.966s] running install_scripts
[13.356s] Installing hello_node script to /home/hyt/ros_car/install/my_pkg/lib/my_pkg
[13.360s] writing list of installed files to '/home/hyt/ros_car/build/my_pkg/install.log'
[13.685s] Invoked command in '/home/hyt/ros_car/src/my_pkg' returned '0': PYTHONPATH=/home/hyt/ros_car/build/my_pkg/prefix_override:/usr/lib/python3/dist-packages/colcon_core/task/python/colcon_distutils_commands:/home/hyt/ros_car/install/my_pkg/lib/python3.12/site-packages:${PYTHONPATH} /usr/bin/python3 -W ignore:setup.py install is deprecated setup.py egg_info --egg-base ../../build/my_pkg build --build-base /home/hyt/ros_car/build/my_pkg/build install --record /home/hyt/ros_car/build/my_pkg/install.log --single-version-externally-managed install_data
