/usr/lib/python3/dist-packages/setuptools/_distutils/dist.py:270: UserWarning: Unknown distribution option: 'tests_require'
  warnings.warn(msg)
running egg_info
creating ../../build/my_pkg/my_pkg.egg-info
writing ../../build/my_pkg/my_pkg.egg-info/PKG-INFO
writing dependency_links to ../../build/my_pkg/my_pkg.egg-info/dependency_links.txt
writing requirements to ../../build/my_pkg/my_pkg.egg-info/requires.txt
writing top-level names to ../../build/my_pkg/my_pkg.egg-info/top_level.txt
writing manifest file '../../build/my_pkg/my_pkg.egg-info/SOURCES.txt'
reading manifest file '../../build/my_pkg/my_pkg.egg-info/SOURCES.txt'
writing manifest file '../../build/my_pkg/my_pkg.egg-info/SOURCES.txt'
running build
running build_py
creating /home/hyt/ros_car/build/my_pkg/build/lib/my_pkg
copying my_pkg/__init__.py -> /home/hyt/ros_car/build/my_pkg/build/lib/my_pkg
running install
running install_lib
creating /home/hyt/ros_car/install/my_pkg/lib/python3.12/site-packages/my_pkg
copying /home/hyt/ros_car/build/my_pkg/build/lib/my_pkg/__init__.py -> /home/hyt/ros_car/install/my_pkg/lib/python3.12/site-packages/my_pkg
byte-compiling /home/hyt/ros_car/install/my_pkg/lib/python3.12/site-packages/my_pkg/__init__.py to __init__.cpython-312.pyc
running install_data
creating /home/hyt/ros_car/install/my_pkg/share/ament_index/resource_index/packages
copying resource/my_pkg -> /home/hyt/ros_car/install/my_pkg/share/ament_index/resource_index/packages
copying package.xml -> /home/hyt/ros_car/install/my_pkg/share/my_pkg
running install_egg_info
Copying ../../build/my_pkg/my_pkg.egg-info to /home/hyt/ros_car/install/my_pkg/lib/python3.12/site-packages/my_pkg-0.0.0-py3.12.egg-info
running install_scripts
