[7.789s] Invoking command in '/home/hyt/ros_car/src/my_pkg': PYTHONPATH=/home/hyt/ros_car/build/my_pkg/prefix_override:/usr/lib/python3/dist-packages/colcon_core/task/python/colcon_distutils_commands:/home/hyt/ros_car/install/my_pkg/lib/python3.12/site-packages:${PYTHONPATH} /usr/bin/python3 -W ignore:setup.py install is deprecated setup.py egg_info --egg-base ../../build/my_pkg build --build-base /home/hyt/ros_car/build/my_pkg/build install --record /home/hyt/ros_car/build/my_pkg/install.log --single-version-externally-managed install_data
[9.177s] /usr/lib/python3/dist-packages/setuptools/_distutils/dist.py:270: UserWarning: Unknown distribution option: 'tests_require'
[9.178s]   warnings.warn(msg)
[10.439s] running egg_info
[10.689s] creating ../../build/my_pkg/my_pkg.egg-info
[10.691s] writing ../../build/my_pkg/my_pkg.egg-info/PKG-INFO
[10.694s] writing dependency_links to ../../build/my_pkg/my_pkg.egg-info/dependency_links.txt
[10.696s] writing requirements to ../../build/my_pkg/my_pkg.egg-info/requires.txt
[10.697s] writing top-level names to ../../build/my_pkg/my_pkg.egg-info/top_level.txt
[10.699s] writing manifest file '../../build/my_pkg/my_pkg.egg-info/SOURCES.txt'
[11.133s] reading manifest file '../../build/my_pkg/my_pkg.egg-info/SOURCES.txt'
[11.140s] writing manifest file '../../build/my_pkg/my_pkg.egg-info/SOURCES.txt'
[11.142s] running build
[11.143s] running build_py
[11.145s] creating /home/hyt/ros_car/build/my_pkg/build/lib/my_pkg
[11.146s] copying my_pkg/__init__.py -> /home/hyt/ros_car/build/my_pkg/build/lib/my_pkg
[11.147s] running install
[11.198s] running install_lib
[11.399s] creating /home/hyt/ros_car/install/my_pkg/lib/python3.12/site-packages/my_pkg
[11.400s] copying /home/hyt/ros_car/build/my_pkg/build/lib/my_pkg/__init__.py -> /home/hyt/ros_car/install/my_pkg/lib/python3.12/site-packages/my_pkg
[11.404s] byte-compiling /home/hyt/ros_car/install/my_pkg/lib/python3.12/site-packages/my_pkg/__init__.py to __init__.cpython-312.pyc
[11.406s] running install_data
[11.408s] creating /home/hyt/ros_car/install/my_pkg/share/ament_index/resource_index/packages
[11.410s] copying resource/my_pkg -> /home/hyt/ros_car/install/my_pkg/share/ament_index/resource_index/packages
[11.412s] copying package.xml -> /home/hyt/ros_car/install/my_pkg/share/my_pkg
[11.413s] running install_egg_info
[11.624s] Copying ../../build/my_pkg/my_pkg.egg-info to /home/hyt/ros_car/install/my_pkg/lib/python3.12/site-packages/my_pkg-0.0.0-py3.12.egg-info
[11.631s] running install_scripts
