[1.555s] DEBUG:colcon:Command line arguments: ['/usr/bin/colcon', 'build']
[1.556s] DEBUG:colcon:Parsed command line arguments: Namespace(log_base=None, log_level=None, verb_name='build', build_base='build', install_base='install', merge_install=False, symlink_install=False, test_result_base=None, continue_on_error=False, executor='parallel', parallel_workers=8, event_handlers=None, ignore_user_meta=False, metas=['./colcon.meta'], base_paths=['.'], packages_ignore=None, packages_ignore_regex=None, paths=None, packages_up_to=None, packages_up_to_regex=None, packages_above=None, packages_above_and_dependencies=None, packages_above_depth=None, packages_select_by_dep=None, packages_skip_by_dep=None, packages_skip_up_to=None, packages_select_build_failed=False, packages_skip_build_finished=False, packages_select_test_failures=False, packages_skip_test_passed=False, packages_select=None, packages_skip=None, packages_select_regex=None, packages_skip_regex=None, packages_start=None, packages_end=None, allow_overriding=[], cmake_args=None, cmake_target=None, cmake_target_skip_unavailable=False, cmake_clean_cache=False, cmake_clean_first=False, cmake_force_configure=False, ament_cmake_args=None, catkin_cmake_args=None, catkin_skip_building_tests=False, mixin_files=None, mixin=None, verb_parser=<colcon_mixin.mixin.mixin_argument.MixinArgumentDecorator object at 0x3fba27a2a0>, verb_extension=<colcon_core.verb.build.BuildVerb object at 0x3fba3a9010>, main=<bound method BuildVerb.main of <colcon_core.verb.build.BuildVerb object at 0x3fba3a9010>>, mixin_verb=('build',))
[1.936s] Level 1:colcon.colcon_core.package_discovery:discover_packages(colcon_meta) check parameters
[1.937s] Level 1:colcon.colcon_core.package_discovery:discover_packages(recursive) check parameters
[1.937s] Level 1:colcon.colcon_core.package_discovery:discover_packages(ignore) check parameters
[1.937s] Level 1:colcon.colcon_core.package_discovery:discover_packages(path) check parameters
[1.938s] Level 1:colcon.colcon_core.package_discovery:discover_packages(colcon_meta) discover
[1.938s] Level 1:colcon.colcon_core.package_discovery:discover_packages(recursive) discover
[1.939s] INFO:colcon.colcon_core.package_discovery:Crawling recursively for packages in '/home/hyt/ros_car'
[1.939s] Level 1:colcon.colcon_core.package_identification:_identify(.) by extensions ['ignore', 'ignore_ament_install']
[1.940s] Level 1:colcon.colcon_core.package_identification:_identify(.) by extension 'ignore'
[1.941s] Level 1:colcon.colcon_core.package_identification:_identify(.) by extension 'ignore_ament_install'
[1.942s] Level 1:colcon.colcon_core.package_identification:_identify(.) by extensions ['colcon_pkg']
[1.942s] Level 1:colcon.colcon_core.package_identification:_identify(.) by extension 'colcon_pkg'
[1.942s] Level 1:colcon.colcon_core.package_identification:_identify(.) by extensions ['colcon_meta']
[1.943s] Level 1:colcon.colcon_core.package_identification:_identify(.) by extension 'colcon_meta'
[1.943s] Level 1:colcon.colcon_core.package_identification:_identify(.) by extensions ['ros']
[1.943s] Level 1:colcon.colcon_core.package_identification:_identify(.) by extension 'ros'
[2.193s] Level 1:colcon.colcon_core.package_identification:_identify(.) by extensions ['cmake', 'python']
[2.193s] Level 1:colcon.colcon_core.package_identification:_identify(.) by extension 'cmake'
[2.194s] Level 1:colcon.colcon_core.package_identification:_identify(.) by extension 'python'
[2.195s] Level 1:colcon.colcon_core.package_identification:_identify(.) by extensions ['python_setup_py']
[2.195s] Level 1:colcon.colcon_core.package_identification:_identify(.) by extension 'python_setup_py'
[2.196s] Level 1:colcon.colcon_core.package_identification:_identify(build) by extensions ['ignore', 'ignore_ament_install']
[2.197s] Level 1:colcon.colcon_core.package_identification:_identify(build) by extension 'ignore'
[2.197s] Level 1:colcon.colcon_core.package_identification:_identify(build) ignored
[2.198s] Level 1:colcon.colcon_core.package_identification:_identify(install) by extensions ['ignore', 'ignore_ament_install']
[2.199s] Level 1:colcon.colcon_core.package_identification:_identify(install) by extension 'ignore'
[2.200s] Level 1:colcon.colcon_core.package_identification:_identify(install) ignored
[2.201s] Level 1:colcon.colcon_core.package_identification:_identify(log) by extensions ['ignore', 'ignore_ament_install']
[2.202s] Level 1:colcon.colcon_core.package_identification:_identify(log) by extension 'ignore'
[2.202s] Level 1:colcon.colcon_core.package_identification:_identify(log) ignored
[2.203s] Level 1:colcon.colcon_core.package_identification:_identify(src) by extensions ['ignore', 'ignore_ament_install']
[2.203s] Level 1:colcon.colcon_core.package_identification:_identify(src) by extension 'ignore'
[2.204s] Level 1:colcon.colcon_core.package_identification:_identify(src) by extension 'ignore_ament_install'
[2.205s] Level 1:colcon.colcon_core.package_identification:_identify(src) by extensions ['colcon_pkg']
[2.205s] Level 1:colcon.colcon_core.package_identification:_identify(src) by extension 'colcon_pkg'
[2.206s] Level 1:colcon.colcon_core.package_identification:_identify(src) by extensions ['colcon_meta']
[2.206s] Level 1:colcon.colcon_core.package_identification:_identify(src) by extension 'colcon_meta'
[2.207s] Level 1:colcon.colcon_core.package_identification:_identify(src) by extensions ['ros']
[2.207s] Level 1:colcon.colcon_core.package_identification:_identify(src) by extension 'ros'
[2.208s] Level 1:colcon.colcon_core.package_identification:_identify(src) by extensions ['cmake', 'python']
[2.209s] Level 1:colcon.colcon_core.package_identification:_identify(src) by extension 'cmake'
[2.209s] Level 1:colcon.colcon_core.package_identification:_identify(src) by extension 'python'
[2.210s] Level 1:colcon.colcon_core.package_identification:_identify(src) by extensions ['python_setup_py']
[2.210s] Level 1:colcon.colcon_core.package_identification:_identify(src) by extension 'python_setup_py'
[2.212s] Level 1:colcon.colcon_core.package_identification:_identify(src/my_pkg) by extensions ['ignore', 'ignore_ament_install']
[2.213s] Level 1:colcon.colcon_core.package_identification:_identify(src/my_pkg) by extension 'ignore'
[2.214s] Level 1:colcon.colcon_core.package_identification:_identify(src/my_pkg) by extension 'ignore_ament_install'
[2.214s] Level 1:colcon.colcon_core.package_identification:_identify(src/my_pkg) by extensions ['colcon_pkg']
[2.215s] Level 1:colcon.colcon_core.package_identification:_identify(src/my_pkg) by extension 'colcon_pkg'
[2.215s] Level 1:colcon.colcon_core.package_identification:_identify(src/my_pkg) by extensions ['colcon_meta']
[2.215s] Level 1:colcon.colcon_core.package_identification:_identify(src/my_pkg) by extension 'colcon_meta'
[2.216s] Level 1:colcon.colcon_core.package_identification:_identify(src/my_pkg) by extensions ['ros']
[2.216s] Level 1:colcon.colcon_core.package_identification:_identify(src/my_pkg) by extension 'ros'
[2.245s] DEBUG:colcon.colcon_core.package_identification:Package 'src/my_pkg' with type 'ros.ament_python' and name 'my_pkg'
[2.246s] Level 1:colcon.colcon_core.package_discovery:discover_packages(recursive) using defaults
[2.246s] Level 1:colcon.colcon_core.package_discovery:discover_packages(ignore) discover
[2.247s] Level 1:colcon.colcon_core.package_discovery:discover_packages(ignore) using defaults
[2.247s] Level 1:colcon.colcon_core.package_discovery:discover_packages(path) discover
[2.247s] Level 1:colcon.colcon_core.package_discovery:discover_packages(path) using defaults
[2.433s] Level 1:colcon.colcon_core.package_discovery:discover_packages(prefix_path) check parameters
[2.433s] Level 1:colcon.colcon_core.package_discovery:discover_packages(prefix_path) discover
[2.462s] DEBUG:colcon.colcon_installed_package_information.package_discovery:Found 271 installed packages in /opt/ros/humble
[2.469s] Level 1:colcon.colcon_core.package_discovery:discover_packages(prefix_path) using defaults
[2.929s] Level 5:colcon.colcon_core.verb:set package 'my_pkg' build argument 'cmake_args' from command line to 'None'
[2.929s] Level 5:colcon.colcon_core.verb:set package 'my_pkg' build argument 'cmake_target' from command line to 'None'
[2.930s] Level 5:colcon.colcon_core.verb:set package 'my_pkg' build argument 'cmake_target_skip_unavailable' from command line to 'False'
[2.930s] Level 5:colcon.colcon_core.verb:set package 'my_pkg' build argument 'cmake_clean_cache' from command line to 'False'
[2.930s] Level 5:colcon.colcon_core.verb:set package 'my_pkg' build argument 'cmake_clean_first' from command line to 'False'
[2.930s] Level 5:colcon.colcon_core.verb:set package 'my_pkg' build argument 'cmake_force_configure' from command line to 'False'
[2.930s] Level 5:colcon.colcon_core.verb:set package 'my_pkg' build argument 'ament_cmake_args' from command line to 'None'
[2.931s] Level 5:colcon.colcon_core.verb:set package 'my_pkg' build argument 'catkin_cmake_args' from command line to 'None'
[2.931s] Level 5:colcon.colcon_core.verb:set package 'my_pkg' build argument 'catkin_skip_building_tests' from command line to 'False'
[2.931s] DEBUG:colcon.colcon_core.verb:Building package 'my_pkg' with the following arguments: {'ament_cmake_args': None, 'build_base': '/home/hyt/ros_car/build/my_pkg', 'catkin_cmake_args': None, 'catkin_skip_building_tests': False, 'cmake_args': None, 'cmake_clean_cache': False, 'cmake_clean_first': False, 'cmake_force_configure': False, 'cmake_target': None, 'cmake_target_skip_unavailable': False, 'install_base': '/home/hyt/ros_car/install/my_pkg', 'merge_install': False, 'path': '/home/hyt/ros_car/src/my_pkg', 'symlink_install': False, 'test_result_base': None}
[2.932s] INFO:colcon.colcon_core.executor:Executing jobs using 'parallel' executor
[2.939s] DEBUG:colcon.colcon_parallel_executor.executor.parallel:run_until_complete
[2.941s] INFO:colcon.colcon_ros.task.ament_python.build:Building ROS package in '/home/hyt/ros_car/src/my_pkg' with build type 'ament_python'
[2.943s] Level 1:colcon.colcon_core.shell:create_environment_hook('my_pkg', 'ament_prefix_path')
[2.971s] INFO:colcon.colcon_core.plugin_system:Skipping extension 'colcon_core.shell.bat': Not used on non-Windows systems
[2.973s] INFO:colcon.colcon_core.shell:Creating environment hook '/home/hyt/ros_car/install/my_pkg/share/my_pkg/hook/ament_prefix_path.ps1'
[2.979s] INFO:colcon.colcon_core.shell:Creating environment descriptor '/home/hyt/ros_car/install/my_pkg/share/my_pkg/hook/ament_prefix_path.dsv'
[2.983s] INFO:colcon.colcon_core.shell:Creating environment hook '/home/hyt/ros_car/install/my_pkg/share/my_pkg/hook/ament_prefix_path.sh'
[2.990s] INFO:colcon.colcon_core.shell:Skip shell extension 'powershell' for command environment: Not usable outside of PowerShell
[2.990s] DEBUG:colcon.colcon_core.shell:Skip shell extension 'dsv' for command environment
[5.251s] INFO:colcon.colcon_core.task.python.build:Building Python package in '/home/hyt/ros_car/src/my_pkg'
[5.253s] INFO:colcon.colcon_core.shell:Skip shell extension 'powershell' for command environment: Not usable outside of PowerShell
[5.253s] DEBUG:colcon.colcon_core.shell:Skip shell extension 'dsv' for command environment
[11.812s] DEBUG:colcon.colcon_core.event_handler.log_command:Invoking command in '/home/hyt/ros_car/src/my_pkg': PYTHONPATH=/home/hyt/ros_car/build/my_pkg/prefix_override:/usr/lib/python3/dist-packages/colcon_core/task/python/colcon_distutils_commands:/home/hyt/ros_car/install/my_pkg/lib/python3.12/site-packages:${PYTHONPATH} /usr/bin/python3 -W ignore:setup.py install is deprecated setup.py egg_info --egg-base ../../build/my_pkg build --build-base /home/hyt/ros_car/build/my_pkg/build install --record /home/hyt/ros_car/build/my_pkg/install.log --single-version-externally-managed install_data
[17.866s] DEBUG:colcon.colcon_core.event_handler.log_command:Invoked command in '/home/hyt/ros_car/src/my_pkg' returned '0': PYTHONPATH=/home/hyt/ros_car/build/my_pkg/prefix_override:/usr/lib/python3/dist-packages/colcon_core/task/python/colcon_distutils_commands:/home/hyt/ros_car/install/my_pkg/lib/python3.12/site-packages:${PYTHONPATH} /usr/bin/python3 -W ignore:setup.py install is deprecated setup.py egg_info --egg-base ../../build/my_pkg build --build-base /home/hyt/ros_car/build/my_pkg/build install --record /home/hyt/ros_car/build/my_pkg/install.log --single-version-externally-managed install_data
[17.902s] Level 1:colcon.colcon_core.environment:checking '/home/hyt/ros_car/install/my_pkg' for CMake module files
[17.908s] Level 1:colcon.colcon_core.environment:checking '/home/hyt/ros_car/install/my_pkg' for CMake config files
[17.913s] Level 1:colcon.colcon_core.environment:checking '/home/hyt/ros_car/install/my_pkg/lib'
[17.915s] Level 1:colcon.colcon_core.environment:checking '/home/hyt/ros_car/install/my_pkg/bin'
[17.916s] Level 1:colcon.colcon_core.environment:checking '/home/hyt/ros_car/install/my_pkg/lib/pkgconfig/my_pkg.pc'
[17.918s] Level 1:colcon.colcon_core.environment:checking '/home/hyt/ros_car/install/my_pkg/lib/python3.12/site-packages'
[17.919s] Level 1:colcon.colcon_core.shell:create_environment_hook('my_pkg', 'pythonpath')
[17.921s] INFO:colcon.colcon_core.shell:Creating environment hook '/home/hyt/ros_car/install/my_pkg/share/my_pkg/hook/pythonpath.ps1'
[17.925s] INFO:colcon.colcon_core.shell:Creating environment descriptor '/home/hyt/ros_car/install/my_pkg/share/my_pkg/hook/pythonpath.dsv'
[17.929s] INFO:colcon.colcon_core.shell:Creating environment hook '/home/hyt/ros_car/install/my_pkg/share/my_pkg/hook/pythonpath.sh'
[17.934s] Level 1:colcon.colcon_core.environment:checking '/home/hyt/ros_car/install/my_pkg/bin'
[17.935s] Level 1:colcon.colcon_core.environment:create_environment_scripts_only(my_pkg)
[17.937s] INFO:colcon.colcon_core.shell:Creating package script '/home/hyt/ros_car/install/my_pkg/share/my_pkg/package.ps1'
[17.944s] INFO:colcon.colcon_core.shell:Creating package descriptor '/home/hyt/ros_car/install/my_pkg/share/my_pkg/package.dsv'
[17.949s] INFO:colcon.colcon_core.shell:Creating package script '/home/hyt/ros_car/install/my_pkg/share/my_pkg/package.sh'
[17.956s] INFO:colcon.colcon_core.shell:Creating package script '/home/hyt/ros_car/install/my_pkg/share/my_pkg/package.bash'
[17.964s] INFO:colcon.colcon_core.shell:Creating package script '/home/hyt/ros_car/install/my_pkg/share/my_pkg/package.zsh'
[17.971s] Level 1:colcon.colcon_core.environment:create_file_with_runtime_dependencies(/home/hyt/ros_car/install/my_pkg/share/colcon-core/packages/my_pkg)
[17.975s] DEBUG:colcon.colcon_parallel_executor.executor.parallel:closing loop
[17.978s] DEBUG:colcon.colcon_parallel_executor.executor.parallel:loop closed
[17.979s] DEBUG:colcon.colcon_parallel_executor.executor.parallel:run_until_complete finished with '0'
[17.980s] DEBUG:colcon.colcon_core.event_reactor:joining thread
[18.025s] INFO:colcon.colcon_core.plugin_system:Skipping extension 'colcon_notification.desktop_notification.notify_send': Could not find 'notify-send'
[18.026s] INFO:colcon.colcon_core.plugin_system:Skipping extension 'colcon_notification.desktop_notification.terminal_notifier': Not used on non-Darwin systems
[18.027s] INFO:colcon.colcon_core.plugin_system:Skipping extension 'colcon_notification.desktop_notification.win32': Not used on non-Windows systems
[18.028s] INFO:colcon.colcon_notification.desktop_notification:Sending desktop notification using 'notify2'
[18.250s] DEBUG:colcon.colcon_core.event_reactor:joined thread
[18.253s] INFO:colcon.colcon_core.shell:Creating prefix script '/home/hyt/ros_car/install/local_setup.ps1'
[18.269s] INFO:colcon.colcon_core.shell:Creating prefix util module '/home/hyt/ros_car/install/_local_setup_util_ps1.py'
[18.284s] INFO:colcon.colcon_core.shell:Creating prefix chain script '/home/hyt/ros_car/install/setup.ps1'
[18.292s] INFO:colcon.colcon_core.shell:Creating prefix script '/home/hyt/ros_car/install/local_setup.sh'
[18.297s] INFO:colcon.colcon_core.shell:Creating prefix util module '/home/hyt/ros_car/install/_local_setup_util_sh.py'
[18.304s] INFO:colcon.colcon_core.shell:Creating prefix chain script '/home/hyt/ros_car/install/setup.sh'
[18.313s] INFO:colcon.colcon_core.shell:Creating prefix script '/home/hyt/ros_car/install/local_setup.bash'
[18.318s] INFO:colcon.colcon_core.shell:Creating prefix chain script '/home/hyt/ros_car/install/setup.bash'
[18.326s] INFO:colcon.colcon_core.shell:Creating prefix script '/home/hyt/ros_car/install/local_setup.zsh'
[18.330s] INFO:colcon.colcon_core.shell:Creating prefix chain script '/home/hyt/ros_car/install/setup.zsh'
